build/platforms/android/build/intermediates/manifest_merge_blame_file/debug/manifest-merger-blame-debug-report.txt
1<?xml version="1.0" encoding="utf-8"?>
2<manifest xmlns:android="http://schemas.android.com/apk/res/android"
3    package="com.jollytechnologies.jollyphonics.adventure"
4    android:versionCode="1"
5    android:versionName="1.0" >
6
7    <uses-sdk
8        android:minSdkVersion="19"
8-->src/main/AndroidManifest.xml
9        android:targetSdkVersion="28" />
9-->src/main/AndroidManifest.xml
10
11    <application
11-->src/main/AndroidManifest.xml:3:2-18:16
12        android:name="android.support.multidex.MultiDexApplication"
13        android:allowBackup="true"
13-->src/main/AndroidManifest.xml:5:3-29
14        android:appComponentFactory="android.support.v4.app.CoreComponentFactory"
14-->[com.android.support:support-compat:28.0.0] AndroidManifest.xml:22:18-91
15        android:debuggable="true"
16        android:icon="@mipmap/icon"
16-->src/main/AndroidManifest.xml:7:3-30
17        android:label="unnamed"
17-->src/main/AndroidManifest.xml:6:3-26
18        android:roundIcon="@android:drawable/sym_def_app_icon"
18-->src/main/AndroidManifest.xml:8:3-57
19        android:supportsRtl="true"
19-->src/main/AndroidManifest.xml:10:3-29
20        android:theme="@android:style/Theme.Black.NoTitleBar.Fullscreen" >
20-->src/main/AndroidManifest.xml:9:3-67
21        <activity android:name="com.jollytechnologies.jollyphonics.adventure.MainActivity" >
21-->src/main/AndroidManifest.xml:12:3-17:14
21-->src/main/AndroidManifest.xml:12:13-41
22            <intent-filter>
22-->src/main/AndroidManifest.xml:13:4-16:20
23                <action android:name="android.intent.action.MAIN" />
23-->src/main/AndroidManifest.xml:14:5-56
23-->src/main/AndroidManifest.xml:14:13-54
24
25                <category android:name="android.intent.category.LAUNCHER" />
25-->src/main/AndroidManifest.xml:15:5-64
25-->src/main/AndroidManifest.xml:15:15-62
26            </intent-filter>
27        </activity>
28    </application>
29
30</manifest>